  CreateSkin.cpp
F:\Rabota\test!\test_task\CreateSkin.cpp(12,20): warning C4018: <: несоответствие типов со знаком и без знака
F:\Rabota\test!\test_task\CreateSkin.cpp(15,21): warning C4018: <: несоответствие типов со знаком и без знака
F:\Rabota\test!\test_task\CreateSkin.cpp(20,23): warning C4018: <: несоответствие типов со знаком и без знака
F:\Rabota\test!\test_task\CreateSkin.cpp(22,27): warning C4018: <: несоответствие типов со знаком и без знака
F:\Rabota\test!\test_task\CreateSkin.cpp(24,31): warning C4018: <: несоответствие типов со знаком и без знака
F:\Rabota\test!\test_task\CreateSkin.cpp(27,23): warning C4244: +=: преобразование "const double" в "float", возможна потеря данных
F:\Rabota\test!\test_task\CreateSkin.cpp(29,19): warning C4244: +=: преобразование "const double" в "float", возможна потеря данных
F:\Rabota\test!\test_task\CreateSkin.cpp(32,15): warning C4244: +=: преобразование "const double" в "float", возможна потеря данных
F:\Rabota\test!\test_task\CreateSkin.cpp(90,20): warning C4244: инициализация: преобразование "double" в "int", возможна потеря данных
F:\Rabota\test!\test_task\CreateSkin.cpp(92,19): warning C4018: >=: несоответствие типов со знаком и без знака
F:\Rabota\test!\test_task\CreateSkin.cpp(94,24): warning C4244: инициализация: преобразование "double" в "int", возможна потеря данных
F:\Rabota\test!\test_task\CreateSkin.cpp(96,23): warning C4018: >=: несоответствие типов со знаком и без знака
F:\Rabota\test!\test_task\CreateSkin.cpp(98,28): warning C4244: инициализация: преобразование "double" в "int", возможна потеря данных
F:\Rabota\test!\test_task\CreateSkin.cpp(98,46): warning C4018: <: несоответствие типов со знаком и без знака
F:\Rabota\test!\test_task\CreateSkin.cpp(100,26): warning C4018: >=: несоответствие типов со знаком и без знака
F:\Rabota\test!\test_task\CreateSkin.cpp(130,23): warning C4018: <: несоответствие типов со знаком и без знака
F:\Rabota\test!\test_task\CreateSkin.cpp(133,27): warning C4018: <: несоответствие типов со знаком и без знака
F:\Rabota\test!\test_task\CreateSkin.cpp(138,23): warning C4018: <: несоответствие типов со знаком и без знака
CreateSkin.obj : warning LNK4075: не учитывается "/EDITANDCONTINUE" из-за спецификации "/INCREMENTAL:NO"
  cutSphereMove.vcxproj -> F:\Rabota\test!\test_task\Debug\cutSphereMove.exe
